mode: set
github.com/cecepsprd/starworks-test/internal/repository/user_repository.go:21.51,25.2 1 1
github.com/cecepsprd/starworks-test/internal/repository/user_repository.go:27.68,30.2 2 1
github.com/cecepsprd/starworks-test/internal/repository/user_repository.go:37.114,41.16 3 1
github.com/cecepsprd/starworks-test/internal/repository/user_repository.go:44.2,47.16 3 1
github.com/cecepsprd/starworks-test/internal/repository/user_repository.go:50.2,52.20 2 1
github.com/cecepsprd/starworks-test/internal/repository/user_repository.go:41.16,43.3 1 0
github.com/cecepsprd/starworks-test/internal/repository/user_repository.go:47.16,49.3 1 1
github.com/cecepsprd/starworks-test/internal/repository/user_repository.go:55.107,59.16 4 1
github.com/cecepsprd/starworks-test/internal/repository/user_repository.go:63.2,63.23 1 1
github.com/cecepsprd/starworks-test/internal/repository/user_repository.go:59.16,61.3 1 0
github.com/cecepsprd/starworks-test/internal/repository/user_repository.go:66.119,83.40 4 1
github.com/cecepsprd/starworks-test/internal/repository/user_repository.go:89.2,89.19 1 1
github.com/cecepsprd/starworks-test/internal/repository/user_repository.go:83.40,85.3 1 1
github.com/cecepsprd/starworks-test/internal/repository/user_repository.go:85.8,85.33 1 1
github.com/cecepsprd/starworks-test/internal/repository/user_repository.go:85.33,87.3 1 1
github.com/cecepsprd/starworks-test/internal/repository/wallet_repository.go:20.55,24.2 1 1
github.com/cecepsprd/starworks-test/internal/repository/wallet_repository.go:26.103,30.16 3 1
github.com/cecepsprd/starworks-test/internal/repository/wallet_repository.go:33.2,36.16 3 1
github.com/cecepsprd/starworks-test/internal/repository/wallet_repository.go:40.2,40.12 1 1
github.com/cecepsprd/starworks-test/internal/repository/wallet_repository.go:30.16,32.3 1 0
github.com/cecepsprd/starworks-test/internal/repository/wallet_repository.go:36.16,38.3 1 1
github.com/cecepsprd/starworks-test/internal/repository/wallet_repository.go:43.120,54.40 4 1
github.com/cecepsprd/starworks-test/internal/repository/wallet_repository.go:58.2,58.21 1 1
github.com/cecepsprd/starworks-test/internal/repository/wallet_repository.go:54.40,56.3 1 0
github.com/cecepsprd/starworks-test/internal/repository/wallet_repository.go:61.95,65.16 3 1
github.com/cecepsprd/starworks-test/internal/repository/wallet_repository.go:69.2,70.16 2 1
github.com/cecepsprd/starworks-test/internal/repository/wallet_repository.go:74.2,74.12 1 1
github.com/cecepsprd/starworks-test/internal/repository/wallet_repository.go:65.16,67.3 1 0
github.com/cecepsprd/starworks-test/internal/repository/wallet_repository.go:70.16,72.3 1 1
github.com/cecepsprd/starworks-test/internal/service/auth_service.go:24.81,29.2 1 1
github.com/cecepsprd/starworks-test/internal/service/auth_service.go:31.122,33.16 2 1
github.com/cecepsprd/starworks-test/internal/service/auth_service.go:38.2,38.17 1 1
github.com/cecepsprd/starworks-test/internal/service/auth_service.go:42.2,43.16 2 1
github.com/cecepsprd/starworks-test/internal/service/auth_service.go:48.2,56.16 8 1
github.com/cecepsprd/starworks-test/internal/service/auth_service.go:60.2,60.31 1 1
github.com/cecepsprd/starworks-test/internal/service/auth_service.go:33.16,36.3 2 1
github.com/cecepsprd/starworks-test/internal/service/auth_service.go:38.17,40.3 1 0
github.com/cecepsprd/starworks-test/internal/service/auth_service.go:43.16,46.3 2 0
github.com/cecepsprd/starworks-test/internal/service/auth_service.go:56.16,58.3 1 0
github.com/cecepsprd/starworks-test/internal/service/user_service.go:24.129,30.2 1 1
github.com/cecepsprd/starworks-test/internal/service/user_service.go:32.77,34.16 2 1
github.com/cecepsprd/starworks-test/internal/service/user_service.go:39.2,39.22 1 1
github.com/cecepsprd/starworks-test/internal/service/user_service.go:43.2,44.16 2 1
github.com/cecepsprd/starworks-test/internal/service/user_service.go:49.2,51.15 2 1
github.com/cecepsprd/starworks-test/internal/service/user_service.go:58.2,59.16 2 1
github.com/cecepsprd/starworks-test/internal/service/user_service.go:64.2,71.63 3 1
github.com/cecepsprd/starworks-test/internal/service/user_service.go:76.2,78.12 2 1
github.com/cecepsprd/starworks-test/internal/service/user_service.go:34.16,37.3 2 0
github.com/cecepsprd/starworks-test/internal/service/user_service.go:39.22,41.3 1 1
github.com/cecepsprd/starworks-test/internal/service/user_service.go:44.16,47.3 2 0
github.com/cecepsprd/starworks-test/internal/service/user_service.go:51.15,52.17 1 1
github.com/cecepsprd/starworks-test/internal/service/user_service.go:52.17,55.4 2 0
github.com/cecepsprd/starworks-test/internal/service/user_service.go:59.16,62.3 2 0
github.com/cecepsprd/starworks-test/internal/service/user_service.go:71.63,74.3 2 0
github.com/cecepsprd/starworks-test/internal/service/wallet_service.go:22.77,26.2 1 1
github.com/cecepsprd/starworks-test/internal/service/wallet_service.go:28.113,30.16 2 1
github.com/cecepsprd/starworks-test/internal/service/wallet_service.go:35.2,35.17 1 1
github.com/cecepsprd/starworks-test/internal/service/wallet_service.go:30.16,33.3 2 0
github.com/cecepsprd/starworks-test/internal/service/wallet_service.go:38.82,44.16 2 1
github.com/cecepsprd/starworks-test/internal/service/wallet_service.go:49.2,55.16 2 1
github.com/cecepsprd/starworks-test/internal/service/wallet_service.go:60.2,60.12 1 1
github.com/cecepsprd/starworks-test/internal/service/wallet_service.go:44.16,47.3 2 0
github.com/cecepsprd/starworks-test/internal/service/wallet_service.go:55.16,58.3 2 0
github.com/cecepsprd/starworks-test/internal/service/wallet_service.go:63.78,70.16 2 1
github.com/cecepsprd/starworks-test/internal/service/wallet_service.go:75.2,75.41 1 1
github.com/cecepsprd/starworks-test/internal/service/wallet_service.go:79.2,85.16 2 1
github.com/cecepsprd/starworks-test/internal/service/wallet_service.go:90.2,90.12 1 1
github.com/cecepsprd/starworks-test/internal/service/wallet_service.go:70.16,73.3 2 0
github.com/cecepsprd/starworks-test/internal/service/wallet_service.go:75.41,77.3 1 0
github.com/cecepsprd/starworks-test/internal/service/wallet_service.go:85.16,88.3 2 0
